<<<<<<< HEAD
This is pdfTeX, Version 3.1415926-2.5-1.40.14 (MiKTeX 2.9 64-bit) (preloaded format=pdflatex 2015.3.3)  3 APR 2015 00:27
entering extended mode
**001_report_plots.tex
("D:\R projects\Caterpillar\Reports\001_report_plots.tex"
=======
This is pdfTeX, Version 3.1415926-2.3-1.40.12 (MiKTeX 2.9) (preloaded format=pdflatex 2011.10.31)  31 MAR 2015 16:39
entering extended mode
**001_report_plots.tex
(D:\Caterpillar\Reports\001_report_plots.tex
>>>>>>> 0045005e91abe88da3f37b2f7f9b64c2f363c0d0
LaTeX2e <2011/06/27>
Babel <v3.8m> and hyphenation patterns for english, afrikaans, ancientgreek, ar
abic, armenian, assamese, basque, bengali, bokmal, bulgarian, catalan, coptic, 
croatian, czech, danish, dutch, esperanto, estonian, farsi, finnish, french, ga
<<<<<<< HEAD
lician, german, german-x-2013-05-26, greek, gujarati, hindi, hungarian, iceland
ic, indonesian, interlingua, irish, italian, kannada, kurmanji, latin, latvian,
 lithuanian, malayalam, marathi, mongolian, mongolianlmc, monogreek, ngerman, n
german-x-2013-05-26, nynorsk, oriya, panjabi, pinyin, polish, portuguese, roman
ian, russian, sanskrit, serbian, slovak, slovenian, spanish, swedish, swissgerm
an, tamil, telugu, turkish, turkmen, ukenglish, ukrainian, uppersorbian, usengl
ishmax, welsh, loaded.
=======
lician, german, german-x-2009-06-19, greek, gujarati, hindi, hungarian, iceland
ic, indonesian, interlingua, irish, italian, kannada, kurmanji, lao, latin, lat
vian, lithuanian, malayalam, marathi, mongolian, mongolianlmc, monogreek, ngerm
an, ngerman-x-2009-06-19, nynorsk, oriya, panjabi, pinyin, polish, portuguese, 
romanian, russian, sanskrit, serbian, slovak, slovenian, spanish, swedish, swis
sgerman, tamil, telugu, turkish, turkmen, ukenglish, ukrainian, uppersorbian, u
senglishmax, welsh, loaded.
>>>>>>> 0045005e91abe88da3f37b2f7f9b64c2f363c0d0
("C:\Program Files\MiKTeX 2.9\tex\latex\base\article.cls"
Document Class: article 2007/10/19 v1.4h Standard LaTeX document class
("C:\Program Files\MiKTeX 2.9\tex\latex\base\size10.clo"
File: size10.clo 2007/10/19 v1.4h Standard LaTeX file (size option)
)
\c@part=\count79
\c@section=\count80
\c@subsection=\count81
\c@subsubsection=\count82
\c@paragraph=\count83
\c@subparagraph=\count84
\c@figure=\count85
\c@table=\count86
\abovecaptionskip=\skip41
\belowcaptionskip=\skip42
\bibindent=\dimen102
)
("C:\Program Files\MiKTeX 2.9\tex\latex\graphics\graphicx.sty"
Package: graphicx 1999/02/16 v1.0f Enhanced LaTeX Graphics (DPC,SPQR)

("C:\Program Files\MiKTeX 2.9\tex\latex\graphics\keyval.sty"
Package: keyval 1999/03/16 v1.13 key=value parser (DPC)
\KV@toks@=\toks14
)
("C:\Program Files\MiKTeX 2.9\tex\latex\graphics\graphics.sty"
Package: graphics 2009/02/05 v1.0o Standard LaTeX Graphics (DPC,SPQR)

("C:\Program Files\MiKTeX 2.9\tex\latex\graphics\trig.sty"
Package: trig 1999/03/16 v1.09 sin cos tan (DPC)
)
("C:\Program Files\MiKTeX 2.9\tex\latex\00miktex\graphics.cfg"
File: graphics.cfg 2007/01/18 v1.5 graphics configuration of teTeX/TeXLive
)
Package graphics Info: Driver file: pdftex.def on input line 91.

("C:\Program Files\MiKTeX 2.9\tex\latex\pdftex-def\pdftex.def"
File: pdftex.def 2011/05/27 v0.06d Graphics/color for pdfTeX

("C:\Program Files\MiKTeX 2.9\tex\generic\oberdiek\infwarerr.sty"
<<<<<<< HEAD
Package: infwarerr 2010/04/08 v1.3 Providing info/warning/error messages (HO)
)
("C:\Program Files\MiKTeX 2.9\tex\generic\oberdiek\ltxcmds.sty"
Package: ltxcmds 2011/11/09 v1.22 LaTeX kernel commands for general use (HO)
=======
Package: infwarerr 2010/04/08 v1.3 Providing info/warning/message (HO)
)
("C:\Program Files\MiKTeX 2.9\tex\generic\oberdiek\ltxcmds.sty"
Package: ltxcmds 2011/04/18 v1.20 LaTeX kernel commands for general use (HO)
>>>>>>> 0045005e91abe88da3f37b2f7f9b64c2f363c0d0
)
\Gread@gobject=\count87
))
\Gin@req@height=\dimen103
\Gin@req@width=\dimen104
)
("C:\Program Files\MiKTeX 2.9\tex\latex\graphics\color.sty"
Package: color 2005/11/14 v1.0j Standard LaTeX Color (DPC)

("C:\Program Files\MiKTeX 2.9\tex\latex\00miktex\color.cfg"
File: color.cfg 2007/01/18 v1.5 color configuration of teTeX/TeXLive
)
Package color Info: Driver file: pdftex.def on input line 130.
)
<<<<<<< HEAD
("C:\Program Files\MiKTeX 2.9\tex\latex\framed\framed.sty"
Package: framed 2011/10/22 v 0.96: framed or shaded text with page breaks
\OuterFrameSep=\skip43
=======
(C:\Users\atef.ouni.INSLOCAL\AppData\Roaming\MiKTeX\2.9\tex\latex\framed\framed
.sty
Package: framed 2007/10/04 v 0.95: framed or shaded text with page breaks
>>>>>>> 0045005e91abe88da3f37b2f7f9b64c2f363c0d0
\fb@frw=\dimen105
\fb@frh=\dimen106
\FrameRule=\dimen107
\FrameSep=\dimen108
<<<<<<< HEAD
)
("C:\Program Files\MiKTeX 2.9\tex\latex\base\alltt.sty"
=======
) ("C:\Program Files\MiKTeX 2.9\tex\latex\base\alltt.sty"
>>>>>>> 0045005e91abe88da3f37b2f7f9b64c2f363c0d0
Package: alltt 1997/06/16 v2.0g defines alltt environment
)
("C:\Program Files\MiKTeX 2.9\tex\generic\babel\babel.sty"
Package: babel 2008/07/08 v3.8m The Babel package

*************************************
* Local config file bblopts.cfg used
*
("C:\Program Files\MiKTeX 2.9\tex\latex\00miktex\bblopts.cfg"
File: bblopts.cfg 2006/07/31 v1.0 MiKTeX 'babel' configuration
)
("C:\Program Files\MiKTeX 2.9\tex\generic\babel\english.ldf"
Language: english 2005/03/30 v3.3o English support from the babel system

("C:\Program Files\MiKTeX 2.9\tex\generic\babel\babel.def"
File: babel.def 2008/07/08 v3.8m Babel common definitions
\babel@savecnt=\count88
\U@D=\dimen109
)
\l@canadian = a dialect from \language\l@american 
\l@australian = a dialect from \language\l@british 
\l@newzealand = a dialect from \language\l@british 
)
("C:\Program Files\MiKTeX 2.9\tex\generic\babel\frenchb.ldf"
Language: frenchb 2009/03/16 v2.3d French support from the babel system
Package babel Info: Making : an active character on input line 120.
Package babel Info: Making ; an active character on input line 121.
Package babel Info: Making ! an active character on input line 122.
Package babel Info: Making ? an active character on input line 123.
\FB@Mht=\dimen110
\std@mcc=\count89
\dec@mcc=\count90
\parindentFFN=\dimen111

*************************************
* Local config file frenchb.cfg used
*
("C:\Program Files\MiKTeX 2.9\tex\generic\babel\frenchb.cfg")))
("C:\Program Files\MiKTeX 2.9\tex\latex\carlisle\scalefnt.sty")
("C:\Program Files\MiKTeX 2.9\tex\latex\base\fontenc.sty"
Package: fontenc 2005/09/27 v1.99g Standard LaTeX package

("C:\Program Files\MiKTeX 2.9\tex\latex\base\t1enc.def"
File: t1enc.def 2005/09/27 v1.99g Standard LaTeX file
LaTeX Font Info:    Redeclaring font encoding T1 on input line 43.
))
<<<<<<< HEAD
("C:\Program Files\MiKTeX 2.9\tex\latex\pgf\frontendlayer\tikz.sty"
("C:\Program Files\MiKTeX 2.9\tex\latex\pgf\basiclayer\pgf.sty"
("C:\Program Files\MiKTeX 2.9\tex\latex\pgf\utilities\pgfrcs.sty"
("C:\Program Files\MiKTeX 2.9\tex\generic\pgf\utilities\pgfutil-common.tex"
\pgfutil@everybye=\toks15
\pgfutil@tempdima=\dimen112
\pgfutil@tempdimb=\dimen113

("C:\Program Files\MiKTeX 2.9\tex\generic\pgf\utilities\pgfutil-common-lists.te
x")) ("C:\Program Files\MiKTeX 2.9\tex\generic\pgf\utilities\pgfutil-latex.def"
\pgfutil@abb=\box26
("C:\Program Files\MiKTeX 2.9\tex\latex\ms\everyshi.sty"
Package: everyshi 2001/05/15 v3.00 EveryShipout Package (MS)
))
("C:\Program Files\MiKTeX 2.9\tex\generic\pgf\utilities\pgfrcs.code.tex"
Package: pgfrcs 2013/12/20 v3.0.0 (rcs-revision 1.28)
))
Package: pgf 2013/12/18 v3.0.0 (rcs-revision 1.14)

("C:\Program Files\MiKTeX 2.9\tex\latex\pgf\basiclayer\pgfcore.sty"
("C:\Program Files\MiKTeX 2.9\tex\latex\pgf\systemlayer\pgfsys.sty"
("C:\Program Files\MiKTeX 2.9\tex\generic\pgf\systemlayer\pgfsys.code.tex"
Package: pgfsys 2013/11/30 v3.0.0 (rcs-revision 1.47)

("C:\Program Files\MiKTeX 2.9\tex\generic\pgf\utilities\pgfkeys.code.tex"
\pgfkeys@pathtoks=\toks16
\pgfkeys@temptoks=\toks17

("C:\Program Files\MiKTeX 2.9\tex\generic\pgf\utilities\pgfkeysfiltered.code.te
x"
\pgfkeys@tmptoks=\toks18
))
\pgf@x=\dimen114
\pgf@y=\dimen115
\pgf@xa=\dimen116
\pgf@ya=\dimen117
\pgf@xb=\dimen118
\pgf@yb=\dimen119
\pgf@xc=\dimen120
\pgf@yc=\dimen121
=======
(C:\Users\atef.ouni.INSLOCAL\AppData\Roaming\MiKTeX\2.9\tex\latex\pgf\frontendl
ayer\tikz.sty
(C:\Users\atef.ouni.INSLOCAL\AppData\Roaming\MiKTeX\2.9\tex\latex\pgf\basiclaye
r\pgf.sty
(C:\Users\atef.ouni.INSLOCAL\AppData\Roaming\MiKTeX\2.9\tex\latex\pgf\utilities
\pgfrcs.sty
(C:\Users\atef.ouni.INSLOCAL\AppData\Roaming\MiKTeX\2.9\tex\generic\pgf\utiliti
es\pgfutil-common.tex
\pgfutil@everybye=\toks15
)
(C:\Users\atef.ouni.INSLOCAL\AppData\Roaming\MiKTeX\2.9\tex\generic\pgf\utiliti
es\pgfutil-latex.def
\pgfutil@abb=\box26

(C:\Users\atef.ouni.INSLOCAL\AppData\Roaming\MiKTeX\2.9\tex\latex\ms\everyshi.s
ty
Package: everyshi 2001/05/15 v3.00 EveryShipout Package (MS)
))
(C:\Users\atef.ouni.INSLOCAL\AppData\Roaming\MiKTeX\2.9\tex\generic\pgf\utiliti
es\pgfrcs.code.tex
Package: pgfrcs 2010/10/25 v2.10 (rcs-revision 1.24)
))
Package: pgf 2008/01/15 v2.10 (rcs-revision 1.12)

(C:\Users\atef.ouni.INSLOCAL\AppData\Roaming\MiKTeX\2.9\tex\latex\pgf\basiclaye
r\pgfcore.sty
(C:\Users\atef.ouni.INSLOCAL\AppData\Roaming\MiKTeX\2.9\tex\latex\pgf\systemlay
er\pgfsys.sty
(C:\Users\atef.ouni.INSLOCAL\AppData\Roaming\MiKTeX\2.9\tex\generic\pgf\systeml
ayer\pgfsys.code.tex
Package: pgfsys 2010/06/30 v2.10 (rcs-revision 1.37)

(C:\Users\atef.ouni.INSLOCAL\AppData\Roaming\MiKTeX\2.9\tex\generic\pgf\utiliti
es\pgfkeys.code.tex
\pgfkeys@pathtoks=\toks16
\pgfkeys@temptoks=\toks17

(C:\Users\atef.ouni.INSLOCAL\AppData\Roaming\MiKTeX\2.9\tex\generic\pgf\utiliti
es\pgfkeysfiltered.code.tex
\pgfkeys@tmptoks=\toks18
))
\pgf@x=\dimen112
\pgf@y=\dimen113
\pgf@xa=\dimen114
\pgf@ya=\dimen115
\pgf@xb=\dimen116
\pgf@yb=\dimen117
\pgf@xc=\dimen118
\pgf@yc=\dimen119
>>>>>>> 0045005e91abe88da3f37b2f7f9b64c2f363c0d0
\w@pgf@writea=\write3
\r@pgf@reada=\read1
\c@pgf@counta=\count91
\c@pgf@countb=\count92
\c@pgf@countc=\count93
\c@pgf@countd=\count94
<<<<<<< HEAD
\t@pgf@toka=\toks19
\t@pgf@tokb=\toks20
\t@pgf@tokc=\toks21
 ("C:\Program Files\MiKTeX 2.9\tex\generic\pgf\systemlayer\pgf.cfg"
File: pgf.cfg 2008/05/14  (rcs-revision 1.7)
)
Driver file for pgf: pgfsys-pdftex.def

("C:\Program Files\MiKTeX 2.9\tex\generic\pgf\systemlayer\pgfsys-pdftex.def"
File: pgfsys-pdftex.def 2013/07/18  (rcs-revision 1.33)

("C:\Program Files\MiKTeX 2.9\tex\generic\pgf\systemlayer\pgfsys-common-pdf.def
"
File: pgfsys-common-pdf.def 2013/10/10  (rcs-revision 1.13)
)))
("C:\Program Files\MiKTeX 2.9\tex\generic\pgf\systemlayer\pgfsyssoftpath.code.t
ex"
File: pgfsyssoftpath.code.tex 2013/09/09  (rcs-revision 1.9)
\pgfsyssoftpath@smallbuffer@items=\count95
\pgfsyssoftpath@bigbuffer@items=\count96
)
("C:\Program Files\MiKTeX 2.9\tex\generic\pgf\systemlayer\pgfsysprotocol.code.t
ex"
File: pgfsysprotocol.code.tex 2006/10/16  (rcs-revision 1.4)
)) ("C:\Program Files\MiKTeX 2.9\tex\latex\xcolor\xcolor.sty"
Package: xcolor 2007/01/21 v2.11 LaTeX color extensions (UK)

("C:\Program Files\MiKTeX 2.9\tex\latex\00miktex\color.cfg"
=======

(C:\Users\atef.ouni.INSLOCAL\AppData\Roaming\MiKTeX\2.9\tex\generic\pgf\systeml
ayer\pgf.cfg
File: pgf.cfg 2008/05/14  (rcs-revision 1.7)
)
Package pgfsys Info: Driver file for pgf: pgfsys-pdftex.def on input line 900.

(C:\Users\atef.ouni.INSLOCAL\AppData\Roaming\MiKTeX\2.9\tex\generic\pgf\systeml
ayer\pgfsys-pdftex.def
File: pgfsys-pdftex.def 2009/05/22  (rcs-revision 1.26)

(C:\Users\atef.ouni.INSLOCAL\AppData\Roaming\MiKTeX\2.9\tex\generic\pgf\systeml
ayer\pgfsys-common-pdf.def
File: pgfsys-common-pdf.def 2008/05/19  (rcs-revision 1.10)
)))
(C:\Users\atef.ouni.INSLOCAL\AppData\Roaming\MiKTeX\2.9\tex\generic\pgf\systeml
ayer\pgfsyssoftpath.code.tex
File: pgfsyssoftpath.code.tex 2008/07/18  (rcs-revision 1.7)
\pgfsyssoftpath@smallbuffer@items=\count95
\pgfsyssoftpath@bigbuffer@items=\count96
)
(C:\Users\atef.ouni.INSLOCAL\AppData\Roaming\MiKTeX\2.9\tex\generic\pgf\systeml
ayer\pgfsysprotocol.code.tex
File: pgfsysprotocol.code.tex 2006/10/16  (rcs-revision 1.4)
))
(C:\Users\atef.ouni.INSLOCAL\AppData\Roaming\MiKTeX\2.9\tex\latex\xcolor\xcolor
.sty
Package: xcolor 2007/01/21 v2.11 LaTeX color extensions (UK)
 ("C:\Program Files\MiKTeX 2.9\tex\latex\00miktex\color.cfg"
>>>>>>> 0045005e91abe88da3f37b2f7f9b64c2f363c0d0
File: color.cfg 2007/01/18 v1.5 color configuration of teTeX/TeXLive
)
Package xcolor Info: Driver file: pdftex.def on input line 225.
LaTeX Info: Redefining \color on input line 702.
Package xcolor Info: Model `cmy' substituted by `cmy0' on input line 1337.
Package xcolor Info: Model `hsb' substituted by `rgb' on input line 1341.
Package xcolor Info: Model `RGB' extended on input line 1353.
Package xcolor Info: Model `HTML' substituted by `rgb' on input line 1355.
Package xcolor Info: Model `Hsb' substituted by `hsb' on input line 1356.
Package xcolor Info: Model `tHsb' substituted by `hsb' on input line 1357.
Package xcolor Info: Model `HSB' substituted by `hsb' on input line 1358.
Package xcolor Info: Model `Gray' substituted by `gray' on input line 1359.
Package xcolor Info: Model `wave' substituted by `hsb' on input line 1360.
)
<<<<<<< HEAD
("C:\Program Files\MiKTeX 2.9\tex\generic\pgf\basiclayer\pgfcore.code.tex"
Package: pgfcore 2010/04/11 v3.0.0 (rcs-revision 1.7)

("C:\Program Files\MiKTeX 2.9\tex\generic\pgf\math\pgfmath.code.tex"
("C:\Program Files\MiKTeX 2.9\tex\generic\pgf\math\pgfmathcalc.code.tex"
("C:\Program Files\MiKTeX 2.9\tex\generic\pgf\math\pgfmathutil.code.tex")
("C:\Program Files\MiKTeX 2.9\tex\generic\pgf\math\pgfmathparser.code.tex"
\pgfmath@dimen=\dimen122
\pgfmath@count=\count97
\pgfmath@box=\box27
\pgfmath@toks=\toks22
\pgfmath@stack@operand=\toks23
\pgfmath@stack@operation=\toks24
)
("C:\Program Files\MiKTeX 2.9\tex\generic\pgf\math\pgfmathfunctions.code.tex"
("C:\Program Files\MiKTeX 2.9\tex\generic\pgf\math\pgfmathfunctions.basic.code.
tex")
("C:\Program Files\MiKTeX 2.9\tex\generic\pgf\math\pgfmathfunctions.trigonometr
ic.code.tex")
("C:\Program Files\MiKTeX 2.9\tex\generic\pgf\math\pgfmathfunctions.random.code
.tex")
("C:\Program Files\MiKTeX 2.9\tex\generic\pgf\math\pgfmathfunctions.comparison.
code.tex")
("C:\Program Files\MiKTeX 2.9\tex\generic\pgf\math\pgfmathfunctions.base.code.t
ex")
("C:\Program Files\MiKTeX 2.9\tex\generic\pgf\math\pgfmathfunctions.round.code.
tex")
("C:\Program Files\MiKTeX 2.9\tex\generic\pgf\math\pgfmathfunctions.misc.code.t
ex")
("C:\Program Files\MiKTeX 2.9\tex\generic\pgf\math\pgfmathfunctions.integerarit
hmetics.code.tex")))
("C:\Program Files\MiKTeX 2.9\tex\generic\pgf\math\pgfmathfloat.code.tex"
\c@pgfmathroundto@lastzeros=\count98
))
("C:\Program Files\MiKTeX 2.9\tex\generic\pgf\basiclayer\pgfcorepoints.code.tex
"
File: pgfcorepoints.code.tex 2013/10/07  (rcs-revision 1.27)
\pgf@picminx=\dimen123
\pgf@picmaxx=\dimen124
\pgf@picminy=\dimen125
\pgf@picmaxy=\dimen126
\pgf@pathminx=\dimen127
\pgf@pathmaxx=\dimen128
\pgf@pathminy=\dimen129
\pgf@pathmaxy=\dimen130
\pgf@xx=\dimen131
\pgf@xy=\dimen132
\pgf@yx=\dimen133
\pgf@yy=\dimen134
\pgf@zx=\dimen135
\pgf@zy=\dimen136
)
("C:\Program Files\MiKTeX 2.9\tex\generic\pgf\basiclayer\pgfcorepathconstruct.c
ode.tex"
File: pgfcorepathconstruct.code.tex 2013/10/07  (rcs-revision 1.29)
\pgf@path@lastx=\dimen137
\pgf@path@lasty=\dimen138
)
("C:\Program Files\MiKTeX 2.9\tex\generic\pgf\basiclayer\pgfcorepathusage.code.
tex"
File: pgfcorepathusage.code.tex 2013/12/13  (rcs-revision 1.23)
\pgf@shorten@end@additional=\dimen139
\pgf@shorten@start@additional=\dimen140
)
("C:\Program Files\MiKTeX 2.9\tex\generic\pgf\basiclayer\pgfcorescopes.code.tex
"
File: pgfcorescopes.code.tex 2013/10/09  (rcs-revision 1.44)
=======
(C:\Users\atef.ouni.INSLOCAL\AppData\Roaming\MiKTeX\2.9\tex\generic\pgf\basicla
yer\pgfcore.code.tex
Package: pgfcore 2010/04/11 v2.10 (rcs-revision 1.7)

(C:\Users\atef.ouni.INSLOCAL\AppData\Roaming\MiKTeX\2.9\tex\generic\pgf\math\pg
fmath.code.tex
(C:\Users\atef.ouni.INSLOCAL\AppData\Roaming\MiKTeX\2.9\tex\generic\pgf\math\pg
fmathcalc.code.tex
(C:\Users\atef.ouni.INSLOCAL\AppData\Roaming\MiKTeX\2.9\tex\generic\pgf\math\pg
fmathutil.code.tex)
(C:\Users\atef.ouni.INSLOCAL\AppData\Roaming\MiKTeX\2.9\tex\generic\pgf\math\pg
fmathparser.code.tex
\pgfmath@dimen=\dimen120
\pgfmath@count=\count97
\pgfmath@box=\box27
\pgfmath@toks=\toks19
\pgfmath@stack@operand=\toks20
\pgfmath@stack@operation=\toks21
)
(C:\Users\atef.ouni.INSLOCAL\AppData\Roaming\MiKTeX\2.9\tex\generic\pgf\math\pg
fmathfunctions.code.tex
(C:\Users\atef.ouni.INSLOCAL\AppData\Roaming\MiKTeX\2.9\tex\generic\pgf\math\pg
fmathfunctions.basic.code.tex)
(C:\Users\atef.ouni.INSLOCAL\AppData\Roaming\MiKTeX\2.9\tex\generic\pgf\math\pg
fmathfunctions.trigonometric.code.tex)
(C:\Users\atef.ouni.INSLOCAL\AppData\Roaming\MiKTeX\2.9\tex\generic\pgf\math\pg
fmathfunctions.random.code.tex)
(C:\Users\atef.ouni.INSLOCAL\AppData\Roaming\MiKTeX\2.9\tex\generic\pgf\math\pg
fmathfunctions.comparison.code.tex)
(C:\Users\atef.ouni.INSLOCAL\AppData\Roaming\MiKTeX\2.9\tex\generic\pgf\math\pg
fmathfunctions.base.code.tex)
(C:\Users\atef.ouni.INSLOCAL\AppData\Roaming\MiKTeX\2.9\tex\generic\pgf\math\pg
fmathfunctions.round.code.tex)
(C:\Users\atef.ouni.INSLOCAL\AppData\Roaming\MiKTeX\2.9\tex\generic\pgf\math\pg
fmathfunctions.misc.code.tex)))
(C:\Users\atef.ouni.INSLOCAL\AppData\Roaming\MiKTeX\2.9\tex\generic\pgf\math\pg
fmathfloat.code.tex
\c@pgfmathroundto@lastzeros=\count98
))
(C:\Users\atef.ouni.INSLOCAL\AppData\Roaming\MiKTeX\2.9\tex\generic\pgf\basicla
yer\pgfcorepoints.code.tex
File: pgfcorepoints.code.tex 2010/04/09  (rcs-revision 1.20)
\pgf@picminx=\dimen121
\pgf@picmaxx=\dimen122
\pgf@picminy=\dimen123
\pgf@picmaxy=\dimen124
\pgf@pathminx=\dimen125
\pgf@pathmaxx=\dimen126
\pgf@pathminy=\dimen127
\pgf@pathmaxy=\dimen128
\pgf@xx=\dimen129
\pgf@xy=\dimen130
\pgf@yx=\dimen131
\pgf@yy=\dimen132
\pgf@zx=\dimen133
\pgf@zy=\dimen134
)
(C:\Users\atef.ouni.INSLOCAL\AppData\Roaming\MiKTeX\2.9\tex\generic\pgf\basicla
yer\pgfcorepathconstruct.code.tex
File: pgfcorepathconstruct.code.tex 2010/08/03  (rcs-revision 1.24)
\pgf@path@lastx=\dimen135
\pgf@path@lasty=\dimen136
)
(C:\Users\atef.ouni.INSLOCAL\AppData\Roaming\MiKTeX\2.9\tex\generic\pgf\basicla
yer\pgfcorepathusage.code.tex
File: pgfcorepathusage.code.tex 2008/04/22  (rcs-revision 1.12)
\pgf@shorten@end@additional=\dimen137
\pgf@shorten@start@additional=\dimen138
)
(C:\Users\atef.ouni.INSLOCAL\AppData\Roaming\MiKTeX\2.9\tex\generic\pgf\basicla
yer\pgfcorescopes.code.tex
File: pgfcorescopes.code.tex 2010/09/08  (rcs-revision 1.34)
>>>>>>> 0045005e91abe88da3f37b2f7f9b64c2f363c0d0
\pgfpic=\box28
\pgf@hbox=\box29
\pgf@layerbox@main=\box30
\pgf@picture@serial@count=\count99
)
<<<<<<< HEAD
("C:\Program Files\MiKTeX 2.9\tex\generic\pgf\basiclayer\pgfcoregraphicstate.co
de.tex"
File: pgfcoregraphicstate.code.tex 2013/09/19  (rcs-revision 1.11)
\pgflinewidth=\dimen141
)
("C:\Program Files\MiKTeX 2.9\tex\generic\pgf\basiclayer\pgfcoretransformations
.code.tex"
File: pgfcoretransformations.code.tex 2013/10/10  (rcs-revision 1.17)
\pgf@pt@x=\dimen142
\pgf@pt@y=\dimen143
\pgf@pt@temp=\dimen144
)
("C:\Program Files\MiKTeX 2.9\tex\generic\pgf\basiclayer\pgfcorequick.code.tex"
File: pgfcorequick.code.tex 2008/10/09  (rcs-revision 1.3)
)
("C:\Program Files\MiKTeX 2.9\tex\generic\pgf\basiclayer\pgfcoreobjects.code.te
x"
File: pgfcoreobjects.code.tex 2006/10/11  (rcs-revision 1.2)
)
("C:\Program Files\MiKTeX 2.9\tex\generic\pgf\basiclayer\pgfcorepathprocessing.
code.tex"
File: pgfcorepathprocessing.code.tex 2013/09/09  (rcs-revision 1.9)
)
("C:\Program Files\MiKTeX 2.9\tex\generic\pgf\basiclayer\pgfcorearrows.code.tex
"
File: pgfcorearrows.code.tex 2013/11/07  (rcs-revision 1.40)
\pgfarrowsep=\dimen145
)
("C:\Program Files\MiKTeX 2.9\tex\generic\pgf\basiclayer\pgfcoreshade.code.tex"
File: pgfcoreshade.code.tex 2013/07/15  (rcs-revision 1.15)
\pgf@max=\dimen146
\pgf@sys@shading@range@num=\count100
) ("C:\Program Files\MiKTeX 2.9\tex\generic\pgf\basiclayer\pgfcoreimage.code.te
x"
File: pgfcoreimage.code.tex 2013/07/15  (rcs-revision 1.18)

("C:\Program Files\MiKTeX 2.9\tex\generic\pgf\basiclayer\pgfcoreexternal.code.t
ex"
File: pgfcoreexternal.code.tex 2013/07/15  (rcs-revision 1.20)
\pgfexternal@startupbox=\box31
))
("C:\Program Files\MiKTeX 2.9\tex\generic\pgf\basiclayer\pgfcorelayers.code.tex
"
File: pgfcorelayers.code.tex 2013/07/18  (rcs-revision 1.7)
)
("C:\Program Files\MiKTeX 2.9\tex\generic\pgf\basiclayer\pgfcoretransparency.co
de.tex"
File: pgfcoretransparency.code.tex 2013/09/30  (rcs-revision 1.5)
)
("C:\Program Files\MiKTeX 2.9\tex\generic\pgf\basiclayer\pgfcorepatterns.code.t
ex"
File: pgfcorepatterns.code.tex 2013/11/07  (rcs-revision 1.5)
)))
("C:\Program Files\MiKTeX 2.9\tex\generic\pgf\modules\pgfmoduleshapes.code.tex"
File: pgfmoduleshapes.code.tex 2013/10/31  (rcs-revision 1.34)
\pgfnodeparttextbox=\box32
) ("C:\Program Files\MiKTeX 2.9\tex\generic\pgf\modules\pgfmoduleplot.code.tex"
File: pgfmoduleplot.code.tex 2013/07/31  (rcs-revision 1.12)
)
("C:\Program Files\MiKTeX 2.9\tex\latex\pgf\compatibility\pgfcomp-version-0-65.
sty"
Package: pgfcomp-version-0-65 2007/07/03 v3.0.0 (rcs-revision 1.7)
\pgf@nodesepstart=\dimen147
\pgf@nodesepend=\dimen148
)
("C:\Program Files\MiKTeX 2.9\tex\latex\pgf\compatibility\pgfcomp-version-1-18.
sty"
Package: pgfcomp-version-1-18 2007/07/23 v3.0.0 (rcs-revision 1.1)
)) ("C:\Program Files\MiKTeX 2.9\tex\latex\pgf\utilities\pgffor.sty"
("C:\Program Files\MiKTeX 2.9\tex\latex\pgf\utilities\pgfkeys.sty"
("C:\Program Files\MiKTeX 2.9\tex\generic\pgf\utilities\pgfkeys.code.tex"))
("C:\Program Files\MiKTeX 2.9\tex\latex\pgf\math\pgfmath.sty"
("C:\Program Files\MiKTeX 2.9\tex\generic\pgf\math\pgfmath.code.tex"))
("C:\Program Files\MiKTeX 2.9\tex\generic\pgf\utilities\pgffor.code.tex"
Package: pgffor 2013/12/13 v3.0.0 (rcs-revision 1.25)

("C:\Program Files\MiKTeX 2.9\tex\generic\pgf\math\pgfmath.code.tex")
\pgffor@iter=\dimen149
\pgffor@skip=\dimen150
\pgffor@stack=\toks25
\pgffor@toks=\toks26
))
("C:\Program Files\MiKTeX 2.9\tex\generic\pgf\frontendlayer\tikz\tikz.code.tex"
Package: tikz 2013/12/13 v3.0.0 (rcs-revision 1.142)

("C:\Program Files\MiKTeX 2.9\tex\generic\pgf\libraries\pgflibraryplothandlers.
code.tex"
File: pgflibraryplothandlers.code.tex 2013/08/31 v3.0.0 (rcs-revision 1.20)
\pgf@plot@mark@count=\count101
\pgfplotmarksize=\dimen151
)
\tikz@lastx=\dimen152
\tikz@lasty=\dimen153
\tikz@lastxsaved=\dimen154
\tikz@lastysaved=\dimen155
\tikzleveldistance=\dimen156
\tikzsiblingdistance=\dimen157
\tikz@figbox=\box33
\tikz@figbox@bg=\box34
\tikz@tempbox=\box35
\tikz@tempbox@bg=\box36
=======
(C:\Users\atef.ouni.INSLOCAL\AppData\Roaming\MiKTeX\2.9\tex\generic\pgf\basicla
yer\pgfcoregraphicstate.code.tex
File: pgfcoregraphicstate.code.tex 2008/04/22  (rcs-revision 1.9)
\pgflinewidth=\dimen139
)
(C:\Users\atef.ouni.INSLOCAL\AppData\Roaming\MiKTeX\2.9\tex\generic\pgf\basicla
yer\pgfcoretransformations.code.tex
File: pgfcoretransformations.code.tex 2009/06/10  (rcs-revision 1.11)
\pgf@pt@x=\dimen140
\pgf@pt@y=\dimen141
\pgf@pt@temp=\dimen142
)
(C:\Users\atef.ouni.INSLOCAL\AppData\Roaming\MiKTeX\2.9\tex\generic\pgf\basicla
yer\pgfcorequick.code.tex
File: pgfcorequick.code.tex 2008/10/09  (rcs-revision 1.3)
)
(C:\Users\atef.ouni.INSLOCAL\AppData\Roaming\MiKTeX\2.9\tex\generic\pgf\basicla
yer\pgfcoreobjects.code.tex
File: pgfcoreobjects.code.tex 2006/10/11  (rcs-revision 1.2)
)
(C:\Users\atef.ouni.INSLOCAL\AppData\Roaming\MiKTeX\2.9\tex\generic\pgf\basicla
yer\pgfcorepathprocessing.code.tex
File: pgfcorepathprocessing.code.tex 2008/10/09  (rcs-revision 1.8)
)
(C:\Users\atef.ouni.INSLOCAL\AppData\Roaming\MiKTeX\2.9\tex\generic\pgf\basicla
yer\pgfcorearrows.code.tex
File: pgfcorearrows.code.tex 2008/04/23  (rcs-revision 1.11)
)
(C:\Users\atef.ouni.INSLOCAL\AppData\Roaming\MiKTeX\2.9\tex\generic\pgf\basicla
yer\pgfcoreshade.code.tex
File: pgfcoreshade.code.tex 2008/11/23  (rcs-revision 1.13)
\pgf@max=\dimen143
\pgf@sys@shading@range@num=\count100
)
(C:\Users\atef.ouni.INSLOCAL\AppData\Roaming\MiKTeX\2.9\tex\generic\pgf\basicla
yer\pgfcoreimage.code.tex
File: pgfcoreimage.code.tex 2010/03/25  (rcs-revision 1.16)

(C:\Users\atef.ouni.INSLOCAL\AppData\Roaming\MiKTeX\2.9\tex\generic\pgf\basicla
yer\pgfcoreexternal.code.tex
File: pgfcoreexternal.code.tex 2010/09/01  (rcs-revision 1.17)
\pgfexternal@startupbox=\box31
))
(C:\Users\atef.ouni.INSLOCAL\AppData\Roaming\MiKTeX\2.9\tex\generic\pgf\basicla
yer\pgfcorelayers.code.tex
File: pgfcorelayers.code.tex 2010/08/27  (rcs-revision 1.2)
)
(C:\Users\atef.ouni.INSLOCAL\AppData\Roaming\MiKTeX\2.9\tex\generic\pgf\basicla
yer\pgfcoretransparency.code.tex
File: pgfcoretransparency.code.tex 2008/01/17  (rcs-revision 1.2)
)
(C:\Users\atef.ouni.INSLOCAL\AppData\Roaming\MiKTeX\2.9\tex\generic\pgf\basicla
yer\pgfcorepatterns.code.tex
File: pgfcorepatterns.code.tex 2009/07/02  (rcs-revision 1.3)
)))
(C:\Users\atef.ouni.INSLOCAL\AppData\Roaming\MiKTeX\2.9\tex\generic\pgf\modules
\pgfmoduleshapes.code.tex
File: pgfmoduleshapes.code.tex 2010/09/09  (rcs-revision 1.13)
\pgfnodeparttextbox=\box32
)
(C:\Users\atef.ouni.INSLOCAL\AppData\Roaming\MiKTeX\2.9\tex\generic\pgf\modules
\pgfmoduleplot.code.tex
File: pgfmoduleplot.code.tex 2010/10/22  (rcs-revision 1.8)
)
(C:\Users\atef.ouni.INSLOCAL\AppData\Roaming\MiKTeX\2.9\tex\latex\pgf\compatibi
lity\pgfcomp-version-0-65.sty
Package: pgfcomp-version-0-65 2007/07/03 v2.10 (rcs-revision 1.7)
\pgf@nodesepstart=\dimen144
\pgf@nodesepend=\dimen145
)
(C:\Users\atef.ouni.INSLOCAL\AppData\Roaming\MiKTeX\2.9\tex\latex\pgf\compatibi
lity\pgfcomp-version-1-18.sty
Package: pgfcomp-version-1-18 2007/07/23 v2.10 (rcs-revision 1.1)
))
(C:\Users\atef.ouni.INSLOCAL\AppData\Roaming\MiKTeX\2.9\tex\latex\pgf\utilities
\pgffor.sty
(C:\Users\atef.ouni.INSLOCAL\AppData\Roaming\MiKTeX\2.9\tex\latex\pgf\utilities
\pgfkeys.sty
(C:\Users\atef.ouni.INSLOCAL\AppData\Roaming\MiKTeX\2.9\tex\generic\pgf\utiliti
es\pgfkeys.code.tex))
(C:\Users\atef.ouni.INSLOCAL\AppData\Roaming\MiKTeX\2.9\tex\generic\pgf\utiliti
es\pgffor.code.tex
Package: pgffor 2010/03/23 v2.10 (rcs-revision 1.18)
\pgffor@iter=\dimen146
\pgffor@skip=\dimen147
\pgffor@stack=\toks22
\pgffor@toks=\toks23
))
(C:\Users\atef.ouni.INSLOCAL\AppData\Roaming\MiKTeX\2.9\tex\generic\pgf\fronten
dlayer\tikz\tikz.code.tex
Package: tikz 2010/10/13 v2.10 (rcs-revision 1.76)

(C:\Users\atef.ouni.INSLOCAL\AppData\Roaming\MiKTeX\2.9\tex\generic\pgf\librari
es\pgflibraryplothandlers.code.tex
File: pgflibraryplothandlers.code.tex 2010/05/31 v2.10 (rcs-revision 1.15)
\pgf@plot@mark@count=\count101
\pgfplotmarksize=\dimen148
)
\tikz@lastx=\dimen149
\tikz@lasty=\dimen150
\tikz@lastxsaved=\dimen151
\tikz@lastysaved=\dimen152
\tikzleveldistance=\dimen153
\tikzsiblingdistance=\dimen154
\tikz@figbox=\box33
\tikz@tempbox=\box34
>>>>>>> 0045005e91abe88da3f37b2f7f9b64c2f363c0d0
\tikztreelevel=\count102
\tikznumberofchildren=\count103
\tikznumberofcurrentchild=\count104
\tikz@fig@count=\count105

<<<<<<< HEAD
("C:\Program Files\MiKTeX 2.9\tex\generic\pgf\modules\pgfmodulematrix.code.tex"
File: pgfmodulematrix.code.tex 2013/09/17  (rcs-revision 1.8)
=======
(C:\Users\atef.ouni.INSLOCAL\AppData\Roaming\MiKTeX\2.9\tex\generic\pgf\modules
\pgfmodulematrix.code.tex
File: pgfmodulematrix.code.tex 2010/08/24  (rcs-revision 1.4)
>>>>>>> 0045005e91abe88da3f37b2f7f9b64c2f363c0d0
\pgfmatrixcurrentrow=\count106
\pgfmatrixcurrentcolumn=\count107
\pgf@matrix@numberofcolumns=\count108
)
\tikz@expandcount=\count109

<<<<<<< HEAD
("C:\Program Files\MiKTeX 2.9\tex\generic\pgf\frontendlayer\tikz\libraries\tikz
librarytopaths.code.tex"
File: tikzlibrarytopaths.code.tex 2008/06/17 v3.0.0 (rcs-revision 1.2)
=======
(C:\Users\atef.ouni.INSLOCAL\AppData\Roaming\MiKTeX\2.9\tex\generic\pgf\fronten
dlayer\tikz\libraries\tikzlibrarytopaths.code.tex
File: tikzlibrarytopaths.code.tex 2008/06/17 v2.10 (rcs-revision 1.2)
>>>>>>> 0045005e91abe88da3f37b2f7f9b64c2f363c0d0
)))
("C:\Program Files\MiKTeX 2.9\tex\latex\tools\multicol.sty"
Package: multicol 2011/06/27 v1.7a multicolumn formatting (FMi)
\c@tracingmulticols=\count110
<<<<<<< HEAD
\mult@box=\box37
\multicol@leftmargin=\dimen158
=======
\mult@box=\box35
\multicol@leftmargin=\dimen155
>>>>>>> 0045005e91abe88da3f37b2f7f9b64c2f363c0d0
\c@unbalance=\count111
\c@collectmore=\count112
\doublecol@number=\count113
\multicoltolerance=\count114
\multicolpretolerance=\count115
<<<<<<< HEAD
\full@width=\dimen159
\page@free=\dimen160
\premulticols=\dimen161
\postmulticols=\dimen162
\multicolsep=\skip44
\multicolbaselineskip=\skip45
\partial@page=\box38
\last@line=\box39
\mult@rightbox=\box40
\mult@grightbox=\box41
\mult@gfirstbox=\box42
\mult@firstbox=\box43
=======
\full@width=\dimen156
\page@free=\dimen157
\premulticols=\dimen158
\postmulticols=\dimen159
\multicolsep=\skip43
\multicolbaselineskip=\skip44
\partial@page=\box36
\last@line=\box37
\mult@rightbox=\box38
\mult@grightbox=\box39
\mult@gfirstbox=\box40
\mult@firstbox=\box41
\@tempa=\box42
\@tempa=\box43
>>>>>>> 0045005e91abe88da3f37b2f7f9b64c2f363c0d0
\@tempa=\box44
\@tempa=\box45
\@tempa=\box46
\@tempa=\box47
\@tempa=\box48
\@tempa=\box49
\@tempa=\box50
\@tempa=\box51
\@tempa=\box52
\@tempa=\box53
\@tempa=\box54
\@tempa=\box55
\@tempa=\box56
\@tempa=\box57
\@tempa=\box58
<<<<<<< HEAD
\@tempa=\box59
\@tempa=\box60
\c@columnbadness=\count116
\c@finalcolumnbadness=\count117
\last@try=\dimen163
\multicolovershoot=\dimen164
\multicolundershoot=\dimen165
\mult@nat@firstbox=\box61
\colbreak@box=\box62
\multicol@sort@counter=\count118
)
("C:\Program Files\MiKTeX 2.9\tex\latex\capt-of\capt-of.sty"
Package: capt-of 2009/12/29 v0.2 standard captions outside of floats
)
("C:\Program Files\MiKTeX 2.9\tex\latex\hyperref\hyperref.sty"
Package: hyperref 2012/11/06 v6.83m Hypertext links for LaTeX

("C:\Program Files\MiKTeX 2.9\tex\generic\oberdiek\hobsub-hyperref.sty"
Package: hobsub-hyperref 2012/04/25 v1.12 Bundle oberdiek, subset hyperref (HO)


("C:\Program Files\MiKTeX 2.9\tex\generic\oberdiek\hobsub-generic.sty"
Package: hobsub-generic 2012/04/25 v1.12 Bundle oberdiek, subset generic (HO)
Package: hobsub 2012/04/25 v1.12 Construct package bundles (HO)
=======
\c@columnbadness=\count116
\c@finalcolumnbadness=\count117
\last@try=\dimen160
\multicolovershoot=\dimen161
\multicolundershoot=\dimen162
\mult@nat@firstbox=\box59
\colbreak@box=\box60
\multicol@sort@counter=\count118
)
(C:\Users\atef.ouni.INSLOCAL\AppData\Roaming\MiKTeX\2.9\tex\latex\capt-of\capt-
of.sty
Package: capt-of 2009/12/29 v0.2 standard captions outside of floats
) ("C:\Program Files\MiKTeX 2.9\tex\latex\hyperref\hyperref.sty"
Package: hyperref 2011/08/19 v6.82h Hypertext links for LaTeX

("C:\Program Files\MiKTeX 2.9\tex\generic\oberdiek\hobsub-hyperref.sty"
Package: hobsub-hyperref 2011/04/23 v1.4 Bundle oberdiek, subset hyperref (HO)

("C:\Program Files\MiKTeX 2.9\tex\generic\oberdiek\hobsub-generic.sty"
Package: hobsub-generic 2011/04/23 v1.4 Bundle oberdiek, subset generic (HO)
Package: hobsub 2011/04/23 v1.4 Subsetting bundle oberdiek (HO)
>>>>>>> 0045005e91abe88da3f37b2f7f9b64c2f363c0d0
Package hobsub Info: Skipping package `infwarerr' (already loaded).
Package hobsub Info: Skipping package `ltxcmds' (already loaded).
Package: ifluatex 2010/03/01 v1.3 Provides the ifluatex switch (HO)
Package ifluatex Info: LuaTeX not detected.
<<<<<<< HEAD
Package: ifvtex 2010/03/01 v1.5 Detect VTeX and its facilities (HO)
Package ifvtex Info: VTeX not detected.
Package: intcalc 2007/09/27 v1.1 Expandable calculations with integers (HO)
Package: ifpdf 2011/01/30 v2.3 Provides the ifpdf switch (HO)
Package ifpdf Info: pdfTeX in PDF mode is detected.
Package: etexcmds 2011/02/16 v1.5 Avoid name clashes with e-TeX commands (HO)
=======
Package: ifvtex 2010/03/01 v1.5 Switches for detecting VTeX and its modes (HO)
Package ifvtex Info: VTeX not detected.
Package: intcalc 2007/09/27 v1.1 Expandable integer calculations (HO)
Package: ifpdf 2011/01/30 v2.3 Provides the ifpdf switch (HO)
Package ifpdf Info: pdfTeX in PDF mode is detected.
Package: etexcmds 2011/02/16 v1.5 Prefix for e-TeX command names (HO)
>>>>>>> 0045005e91abe88da3f37b2f7f9b64c2f363c0d0
Package etexcmds Info: Could not find \expanded.
(etexcmds)             That can mean that you are not using pdfTeX 1.50 or
(etexcmds)             that some package has redefined \expanded.
(etexcmds)             In the latter case, load this package earlier.
<<<<<<< HEAD
Package: kvsetkeys 2012/04/25 v1.16 Key value parser (HO)
Package: kvdefinekeys 2011/04/07 v1.3 Define keys (HO)
Package: pdftexcmds 2011/11/29 v0.20 Utility functions of pdfTeX for LuaTeX (HO
)
=======
Package: kvsetkeys 2011/04/07 v1.13 Key value parser (HO)
Package: kvdefinekeys 2011/04/07 v1.3 Defining keys (HO)
Package: pdftexcmds 2011/04/22 v0.16 Utilities of pdfTeX for LuaTeX (HO)
>>>>>>> 0045005e91abe88da3f37b2f7f9b64c2f363c0d0
Package pdftexcmds Info: LuaTeX not detected.
Package pdftexcmds Info: \pdf@primitive is available.
Package pdftexcmds Info: \pdf@ifprimitive is available.
Package pdftexcmds Info: \pdfdraftmode found.
<<<<<<< HEAD
Package: pdfescape 2011/11/25 v1.13 Implements pdfTeX's escape features (HO)
Package: bigintcalc 2012/04/08 v1.3 Expandable calculations on big integers (HO
)
Package: bitset 2011/01/30 v1.1 Handle bit-vector datatype (HO)
Package: uniquecounter 2011/01/30 v1.2 Provide unlimited unique counter (HO)
)
Package hobsub Info: Skipping package `hobsub' (already loaded).
Package: letltxmacro 2010/09/02 v1.4 Let assignment for LaTeX macros (HO)
Package: hopatch 2011/06/24 v1.1 Wrapper for package hooks (HO)
Package: xcolor-patch 2011/01/30 xcolor patch
Package: atveryend 2011/06/30 v1.8 Hooks at the very end of document (HO)
Package atveryend Info: \enddocument detected (standard20110627).
Package: atbegshi 2011/10/05 v1.16 At begin shipout hook (HO)
Package: refcount 2011/10/16 v3.4 Data extraction from label references (HO)
Package: hycolor 2011/01/30 v1.7 Color options for hyperref/bookmark (HO)
=======
Package: pdfescape 2011/04/04 v1.12 Provides string conversions (HO)
Package: bigintcalc 2011/01/30 v1.2 Expandable big integer calculations (HO)
Package: bitset 2011/01/30 v1.1 Data type bit set (HO)
Package: uniquecounter 2011/01/30 v1.2 Provides unlimited unique counter (HO)
)
Package hobsub Info: Skipping package `hobsub' (already loaded).
Package: letltxmacro 2010/09/02 v1.4 Let assignment for LaTeX macros (HO)
Package: hopatch 2011/01/30 v1.0 Wrapper for package hooks (HO)
Package: xcolor-patch 2011/01/30 xcolor patch
Package: atveryend 2011/04/23 v1.7 Hooks at very end of document (HO)
Package: atbegshi 2011/01/30 v1.15 At begin shipout hook (HO)
Package: refcount 2010/12/01 v3.2 Data extraction from references (HO)
Package: hycolor 2011/01/30 v1.7 Color options of hyperref/bookmark (HO)
>>>>>>> 0045005e91abe88da3f37b2f7f9b64c2f363c0d0
)
("C:\Program Files\MiKTeX 2.9\tex\generic\ifxetex\ifxetex.sty"
Package: ifxetex 2010/09/12 v0.6 Provides ifxetex conditional
)
<<<<<<< HEAD
("C:\Program Files\MiKTeX 2.9\tex\latex\oberdiek\auxhook.sty"
Package: auxhook 2011/03/04 v1.3 Hooks for auxiliary files (HO)
)
("C:\Program Files\MiKTeX 2.9\tex\latex\oberdiek\kvoptions.sty"
Package: kvoptions 2011/06/30 v3.11 Key value format for package options (HO)
)
\@linkdim=\dimen166
=======
("C:\Program Files\MiKTeX 2.9\tex\latex\oberdiek\kvoptions.sty"
Package: kvoptions 2010/12/23 v3.10 Keyval support for LaTeX options (HO)
)
\@linkdim=\dimen163
>>>>>>> 0045005e91abe88da3f37b2f7f9b64c2f363c0d0
\Hy@linkcounter=\count119
\Hy@pagecounter=\count120

("C:\Program Files\MiKTeX 2.9\tex\latex\hyperref\pd1enc.def"
<<<<<<< HEAD
File: pd1enc.def 2012/11/06 v6.83m Hyperref: PDFDocEncoding definition (HO)
=======
File: pd1enc.def 2011/08/19 v6.82h Hyperref: PDFDocEncoding definition (HO)
>>>>>>> 0045005e91abe88da3f37b2f7f9b64c2f363c0d0
)
\Hy@SavedSpaceFactor=\count121

("C:\Program Files\MiKTeX 2.9\tex\latex\00miktex\hyperref.cfg"
File: hyperref.cfg 2002/06/06 v1.2 hyperref configuration of TeXLive
)
<<<<<<< HEAD
Package hyperref Info: Hyper figures OFF on input line 4443.
Package hyperref Info: Link nesting OFF on input line 4448.
Package hyperref Info: Hyper index ON on input line 4451.
Package hyperref Info: Plain pages OFF on input line 4458.
Package hyperref Info: Backreferencing OFF on input line 4463.
Package hyperref Info: Implicit mode ON; LaTeX internals redefined.
Package hyperref Info: Bookmarks ON on input line 4688.
\c@Hy@tempcnt=\count122

("C:\Program Files\MiKTeX 2.9\tex\latex\url\url.sty"
\Urlmuskip=\muskip10
Package: url 2013/09/16  ver 3.4  Verb mode for urls, etc.
)
LaTeX Info: Redefining \url on input line 5041.
\XeTeXLinkMargin=\dimen167
\Fld@menulength=\count123
\Field@Width=\dimen168
\Fld@charsize=\dimen169
Package hyperref Info: Hyper figures OFF on input line 6295.
Package hyperref Info: Link nesting OFF on input line 6300.
Package hyperref Info: Hyper index ON on input line 6303.
Package hyperref Info: backreferencing OFF on input line 6310.
Package hyperref Info: Link coloring OFF on input line 6315.
Package hyperref Info: Link coloring with OCG OFF on input line 6320.
Package hyperref Info: PDF/A mode OFF on input line 6325.
LaTeX Info: Redefining \ref on input line 6365.
LaTeX Info: Redefining \pageref on input line 6369.
=======
Package hyperref Info: Hyper figures OFF on input line 4053.
Package hyperref Info: Link nesting OFF on input line 4058.
Package hyperref Info: Hyper index ON on input line 4061.
Package hyperref Info: Plain pages OFF on input line 4068.
Package hyperref Info: Backreferencing OFF on input line 4073.
Package hyperref Info: Implicit mode ON; LaTeX internals redefined.
Package hyperref Info: Bookmarks ON on input line 4291.
\c@Hy@tempcnt=\count122

("C:\Program Files\MiKTeX 2.9\tex\latex\ltxmisc\url.sty"
\Urlmuskip=\muskip10
Package: url 2006/04/12  ver 3.3  Verb mode for urls, etc.
)
LaTeX Info: Redefining \url on input line 4644.
\Fld@menulength=\count123
\Field@Width=\dimen164
\Fld@charsize=\dimen165
Package hyperref Info: Hyper figures OFF on input line 5730.
Package hyperref Info: Link nesting OFF on input line 5735.
Package hyperref Info: Hyper index ON on input line 5738.
Package hyperref Info: backreferencing OFF on input line 5745.
Package hyperref Info: Link coloring OFF on input line 5750.
Package hyperref Info: Link coloring with OCG OFF on input line 5755.
Package hyperref Info: PDF/A mode OFF on input line 5760.
LaTeX Info: Redefining \ref on input line 5800.
LaTeX Info: Redefining \pageref on input line 5804.
>>>>>>> 0045005e91abe88da3f37b2f7f9b64c2f363c0d0
\Hy@abspage=\count124
\c@Item=\count125
\c@Hfootnote=\count126
)

Package hyperref Message: Driver (autodetected): hpdftex.

("C:\Program Files\MiKTeX 2.9\tex\latex\hyperref\hpdftex.def"
<<<<<<< HEAD
File: hpdftex.def 2012/11/06 v6.83m Hyperref driver for pdfTeX
=======
File: hpdftex.def 2011/08/19 v6.82h Hyperref driver for pdfTeX
>>>>>>> 0045005e91abe88da3f37b2f7f9b64c2f363c0d0
\Fld@listcount=\count127
\c@bookmark@seq@number=\count128

("C:\Program Files\MiKTeX 2.9\tex\latex\oberdiek\rerunfilecheck.sty"
Package: rerunfilecheck 2011/04/15 v1.7 Rerun checks for auxiliary files (HO)
Package uniquecounter Info: New unique counter `rerunfilecheck' on input line 2
82.
)
<<<<<<< HEAD
\Hy@SectionHShift=\skip46
)
("C:\Program Files\MiKTeX 2.9\tex\latex\upquote\upquote.sty"
Package: upquote 2012/04/19 v1.3 upright-quote and grave-accent glyphs in verba
tim

("C:\Program Files\MiKTeX 2.9\tex\latex\base\textcomp.sty"
=======
\Hy@SectionHShift=\skip45
)
(C:\Users\atef.ouni.INSLOCAL\AppData\Roaming\MiKTeX\2.9\tex\latex\upquote\upquo
te.sty
Package: upquote 2012/04/19 v1.3 upright-quote and grave-accent glyphs in verba
tim
 ("C:\Program Files\MiKTeX 2.9\tex\latex\base\textcomp.sty"
>>>>>>> 0045005e91abe88da3f37b2f7f9b64c2f363c0d0
Package: textcomp 2005/09/27 v1.99g Standard LaTeX package
Package textcomp Info: Sub-encoding information:
(textcomp)               5 = only ISO-Adobe without \textcurrency
(textcomp)               4 = 5 + \texteuro
(textcomp)               3 = 4 + \textohm
(textcomp)               2 = 3 + \textestimated + \textcurrency
(textcomp)               1 = TS1 - \textcircled - \t
(textcomp)               0 = TS1 (full)
(textcomp)             Font families with sub-encoding setting implement
(textcomp)             only a restricted character set as indicated.
(textcomp)             Family '?' is the default used for unknown fonts.
(textcomp)             See the documentation for details.
Package textcomp Info: Setting ? sub-encoding to TS1/1 on input line 71.

("C:\Program Files\MiKTeX 2.9\tex\latex\base\ts1enc.def"
File: ts1enc.def 2001/06/05 v3.0e (jk/car/fm) Standard LaTeX file
)
LaTeX Info: Redefining \oldstylenums on input line 266.
Package textcomp Info: Setting cmr sub-encoding to TS1/0 on input line 281.
Package textcomp Info: Setting cmss sub-encoding to TS1/0 on input line 282.
Package textcomp Info: Setting cmtt sub-encoding to TS1/0 on input line 283.
Package textcomp Info: Setting cmvtt sub-encoding to TS1/0 on input line 284.
Package textcomp Info: Setting cmbr sub-encoding to TS1/0 on input line 285.
Package textcomp Info: Setting cmtl sub-encoding to TS1/0 on input line 286.
Package textcomp Info: Setting ccr sub-encoding to TS1/0 on input line 287.
Package textcomp Info: Setting ptm sub-encoding to TS1/4 on input line 288.
Package textcomp Info: Setting pcr sub-encoding to TS1/4 on input line 289.
Package textcomp Info: Setting phv sub-encoding to TS1/4 on input line 290.
Package textcomp Info: Setting ppl sub-encoding to TS1/3 on input line 291.
Package textcomp Info: Setting pag sub-encoding to TS1/4 on input line 292.
Package textcomp Info: Setting pbk sub-encoding to TS1/4 on input line 293.
Package textcomp Info: Setting pnc sub-encoding to TS1/4 on input line 294.
Package textcomp Info: Setting pzc sub-encoding to TS1/4 on input line 295.
Package textcomp Info: Setting bch sub-encoding to TS1/4 on input line 296.
Package textcomp Info: Setting put sub-encoding to TS1/5 on input line 297.
Package textcomp Info: Setting uag sub-encoding to TS1/5 on input line 298.
Package textcomp Info: Setting ugq sub-encoding to TS1/5 on input line 299.
Package textcomp Info: Setting ul8 sub-encoding to TS1/4 on input line 300.
Package textcomp Info: Setting ul9 sub-encoding to TS1/4 on input line 301.
Package textcomp Info: Setting augie sub-encoding to TS1/5 on input line 302.
Package textcomp Info: Setting dayrom sub-encoding to TS1/3 on input line 303.
Package textcomp Info: Setting dayroms sub-encoding to TS1/3 on input line 304.

Package textcomp Info: Setting pxr sub-encoding to TS1/0 on input line 305.
Package textcomp Info: Setting pxss sub-encoding to TS1/0 on input line 306.
Package textcomp Info: Setting pxtt sub-encoding to TS1/0 on input line 307.
Package textcomp Info: Setting txr sub-encoding to TS1/0 on input line 308.
Package textcomp Info: Setting txss sub-encoding to TS1/0 on input line 309.
Package textcomp Info: Setting txtt sub-encoding to TS1/0 on input line 310.
Package textcomp Info: Setting lmr sub-encoding to TS1/0 on input line 311.
Package textcomp Info: Setting lmdh sub-encoding to TS1/0 on input line 312.
Package textcomp Info: Setting lmss sub-encoding to TS1/0 on input line 313.
Package textcomp Info: Setting lmssq sub-encoding to TS1/0 on input line 314.
Package textcomp Info: Setting lmvtt sub-encoding to TS1/0 on input line 315.
Package textcomp Info: Setting qhv sub-encoding to TS1/0 on input line 316.
Package textcomp Info: Setting qag sub-encoding to TS1/0 on input line 317.
Package textcomp Info: Setting qbk sub-encoding to TS1/0 on input line 318.
Package textcomp Info: Setting qcr sub-encoding to TS1/0 on input line 319.
Package textcomp Info: Setting qcs sub-encoding to TS1/0 on input line 320.
Package textcomp Info: Setting qpl sub-encoding to TS1/0 on input line 321.
Package textcomp Info: Setting qtm sub-encoding to TS1/0 on input line 322.
Package textcomp Info: Setting qzc sub-encoding to TS1/0 on input line 323.
Package textcomp Info: Setting qhvc sub-encoding to TS1/0 on input line 324.
Package textcomp Info: Setting futs sub-encoding to TS1/4 on input line 325.
Package textcomp Info: Setting futx sub-encoding to TS1/4 on input line 326.
Package textcomp Info: Setting futj sub-encoding to TS1/4 on input line 327.
Package textcomp Info: Setting hlh sub-encoding to TS1/3 on input line 328.
Package textcomp Info: Setting hls sub-encoding to TS1/3 on input line 329.
Package textcomp Info: Setting hlst sub-encoding to TS1/3 on input line 330.
Package textcomp Info: Setting hlct sub-encoding to TS1/5 on input line 331.
Package textcomp Info: Setting hlx sub-encoding to TS1/5 on input line 332.
Package textcomp Info: Setting hlce sub-encoding to TS1/5 on input line 333.
Package textcomp Info: Setting hlcn sub-encoding to TS1/5 on input line 334.
Package textcomp Info: Setting hlcw sub-encoding to TS1/5 on input line 335.
Package textcomp Info: Setting hlcf sub-encoding to TS1/5 on input line 336.
Package textcomp Info: Setting pplx sub-encoding to TS1/3 on input line 337.
Package textcomp Info: Setting pplj sub-encoding to TS1/3 on input line 338.
Package textcomp Info: Setting ptmx sub-encoding to TS1/4 on input line 339.
Package textcomp Info: Setting ptmj sub-encoding to TS1/4 on input line 340.
))
<<<<<<< HEAD
("D:\R projects\Caterpillar\Reports\001_report_plots.aux")
=======
(D:\Caterpillar\Reports\001_report_plots.aux)
>>>>>>> 0045005e91abe88da3f37b2f7f9b64c2f363c0d0
LaTeX Font Info:    Checking defaults for OML/cmm/m/it on input line 75.
LaTeX Font Info:    ... okay on input line 75.
LaTeX Font Info:    Checking defaults for T1/cmr/m/n on input line 75.
LaTeX Font Info:    ... okay on input line 75.
LaTeX Font Info:    Checking defaults for OT1/cmr/m/n on input line 75.
LaTeX Font Info:    ... okay on input line 75.
LaTeX Font Info:    Checking defaults for OMS/cmsy/m/n on input line 75.
LaTeX Font Info:    ... okay on input line 75.
LaTeX Font Info:    Checking defaults for OMX/cmex/m/n on input line 75.
LaTeX Font Info:    ... okay on input line 75.
LaTeX Font Info:    Checking defaults for U/cmr/m/n on input line 75.
LaTeX Font Info:    ... okay on input line 75.
LaTeX Font Info:    Checking defaults for PD1/pdf/m/n on input line 75.
LaTeX Font Info:    ... okay on input line 75.
LaTeX Font Info:    Checking defaults for TS1/cmr/m/n on input line 75.
LaTeX Font Info:    Try loading font information for TS1+cmr on input line 75.

("C:\Program Files\MiKTeX 2.9\tex\latex\base\ts1cmr.fd"
File: ts1cmr.fd 1999/05/25 v2.5h Standard LaTeX font definitions
)
LaTeX Font Info:    ... okay on input line 75.

<<<<<<< HEAD
("C:\Program Files\MiKTeX 2.9\tex\context\base\supp-pdf.mkii"
[Loading MPS to PDF converter (version 2006.09.02).]
\scratchcounter=\count129
\scratchdimen=\dimen170
\scratchbox=\box63
\nofMPsegments=\count130
\nofMParguments=\count131
\everyMPshowfont=\toks27
\MPscratchCnt=\count132
\MPscratchDim=\dimen171
\MPnumerator=\count133
\makeMPintoPDFobject=\count134
\everyMPtoPDFconversion=\toks28
=======
(C:\Users\atef.ouni.INSLOCAL\AppData\Roaming\MiKTeX\2.9\tex\context\base\supp-p
df.mkii
[Loading MPS to PDF converter (version 2006.09.02).]
\scratchcounter=\count129
\scratchdimen=\dimen166
\scratchbox=\box61
\nofMPsegments=\count130
\nofMParguments=\count131
\everyMPshowfont=\toks24
\MPscratchCnt=\count132
\MPscratchDim=\dimen167
\MPnumerator=\count133
\makeMPintoPDFobject=\count134
\everyMPtoPDFconversion=\toks25
>>>>>>> 0045005e91abe88da3f37b2f7f9b64c2f363c0d0
)
LaTeX Info: Redefining \degres on input line 75.
LaTeX Info: Redefining \dots on input line 75.
LaTeX Info: Redefining \up on input line 75.
 ABD: EveryShipout initializing macros
<<<<<<< HEAD
\AtBeginShipoutBox=\box64
Package hyperref Info: Link coloring OFF on input line 75.

("C:\Program Files\MiKTeX 2.9\tex\latex\hyperref\nameref.sty"
Package: nameref 2012/10/27 v2.43 Cross-referencing by name of section
=======
\AtBeginShipoutBox=\box62
Package hyperref Info: Link coloring OFF on input line 75.

("C:\Program Files\MiKTeX 2.9\tex\latex\hyperref\nameref.sty"
Package: nameref 2010/04/30 v2.40 Cross-referencing by name of section
>>>>>>> 0045005e91abe88da3f37b2f7f9b64c2f363c0d0

("C:\Program Files\MiKTeX 2.9\tex\generic\oberdiek\gettitlestring.sty"
Package: gettitlestring 2010/12/03 v1.4 Cleanup title references (HO)
)
\c@section@level=\count135
)
LaTeX Info: Redefining \ref on input line 75.
LaTeX Info: Redefining \pageref on input line 75.
LaTeX Info: Redefining \nameref on input line 75.

<<<<<<< HEAD
("D:\R projects\Caterpillar\Reports\001_report_plots.out")
("D:\R projects\Caterpillar\Reports\001_report_plots.out")
\@outlinefile=\write4

("D:\R projects\Caterpillar\Reports\001_report_plots.toc"
=======
(D:\Caterpillar\Reports\001_report_plots.out)
(D:\Caterpillar\Reports\001_report_plots.out)
\@outlinefile=\write4

(D:\Caterpillar\Reports\001_report_plots.toc
>>>>>>> 0045005e91abe88da3f37b2f7f9b64c2f363c0d0
LaTeX Font Info:    External font `cmex10' loaded for size
(Font)              <7> on input line 3.
LaTeX Font Info:    External font `cmex10' loaded for size
(Font)              <5> on input line 3.
)
\tf@toc=\write5
 [1

<<<<<<< HEAD
{C:/ProgramData/MiKTeX/2.9/pdftex/config/pdftex.map}] [2]
<figure/unnamed-chunk-2-1.pdf, id=165, 505.89pt x 686.565pt>
File: figure/unnamed-chunk-2-1.pdf Graphic file (type pdf)

<use figure/unnamed-chunk-2-1.pdf>
Package pdftex.def Info: figure/unnamed-chunk-2-1.pdf used on input line 119.
(pdftex.def)             Requested size: 505.88875pt x 686.57379pt.
 [3] [4 <D:/R projects/Caterpillar/Reports/figure/unnamed-chunk-2-1.pdf>] [5]
<figure/unnamed-chunk-2-2.pdf, id=201, 505.89pt x 686.565pt>
File: figure/unnamed-chunk-2-2.pdf Graphic file (type pdf)

<use figure/unnamed-chunk-2-2.pdf>
Package pdftex.def Info: figure/unnamed-chunk-2-2.pdf used on input line 235.
(pdftex.def)             Requested size: 505.88875pt x 686.57379pt.
 [6 <D:/R projects/Caterpillar/Reports/figure/unnamed-chunk-2-2.pdf>] [7]
<figure/unnamed-chunk-2-3.pdf, id=231, 505.89pt x 686.565pt>
File: figure/unnamed-chunk-2-3.pdf Graphic file (type pdf)

<use figure/unnamed-chunk-2-3.pdf>
Package pdftex.def Info: figure/unnamed-chunk-2-3.pdf used on input line 345.
(pdftex.def)             Requested size: 505.88875pt x 686.57379pt.
 [8 <D:/R projects/Caterpillar/Reports/figure/unnamed-chunk-2-3.pdf>] [9]
<figure/unnamed-chunk-2-4.pdf, id=258, 505.89pt x 686.565pt>
File: figure/unnamed-chunk-2-4.pdf Graphic file (type pdf)

<use figure/unnamed-chunk-2-4.pdf>
Package pdftex.def Info: figure/unnamed-chunk-2-4.pdf used on input line 431.
(pdftex.def)             Requested size: 505.88875pt x 686.57379pt.
 [10 <D:/R projects/Caterpillar/Reports/figure/unnamed-chunk-2-4.pdf>] [11]
<figure/unnamed-chunk-2-5.pdf, id=285, 505.89pt x 686.565pt>
File: figure/unnamed-chunk-2-5.pdf Graphic file (type pdf)

<use figure/unnamed-chunk-2-5.pdf>
Package pdftex.def Info: figure/unnamed-chunk-2-5.pdf used on input line 509.
(pdftex.def)             Requested size: 505.88875pt x 686.57379pt.
 [12 <D:/R projects/Caterpillar/Reports/figure/unnamed-chunk-2-5.pdf>] [13]
<figure/unnamed-chunk-2-6.pdf, id=313, 505.89pt x 686.565pt>
File: figure/unnamed-chunk-2-6.pdf Graphic file (type pdf)

<use figure/unnamed-chunk-2-6.pdf>
Package pdftex.def Info: figure/unnamed-chunk-2-6.pdf used on input line 583.
(pdftex.def)             Requested size: 505.88875pt x 686.57379pt.
 [14 <D:/R projects/Caterpillar/Reports/figure/unnamed-chunk-2-6.pdf>] [15]
<figure/unnamed-chunk-2-7.pdf, id=340, 505.89pt x 686.565pt>
File: figure/unnamed-chunk-2-7.pdf Graphic file (type pdf)

<use figure/unnamed-chunk-2-7.pdf>
Package pdftex.def Info: figure/unnamed-chunk-2-7.pdf used on input line 652.
(pdftex.def)             Requested size: 505.88875pt x 686.57379pt.
 [16 <D:/R projects/Caterpillar/Reports/figure/unnamed-chunk-2-7.pdf>] [17]
<figure/unnamed-chunk-2-8.pdf, id=369, 505.89pt x 686.565pt>
File: figure/unnamed-chunk-2-8.pdf Graphic file (type pdf)

<use figure/unnamed-chunk-2-8.pdf>
Package pdftex.def Info: figure/unnamed-chunk-2-8.pdf used on input line 768.
(pdftex.def)             Requested size: 505.88875pt x 686.57379pt.
 [18 <D:/R projects/Caterpillar/Reports/figure/unnamed-chunk-2-8.pdf>] [19]
<figure/unnamed-chunk-2-9.pdf, id=399, 505.89pt x 686.565pt>
File: figure/unnamed-chunk-2-9.pdf Graphic file (type pdf)

<use figure/unnamed-chunk-2-9.pdf>
Package pdftex.def Info: figure/unnamed-chunk-2-9.pdf used on input line 880.
(pdftex.def)             Requested size: 505.88875pt x 686.57379pt.
 [20 <D:/R projects/Caterpillar/Reports/figure/unnamed-chunk-2-9.pdf>] [21]
<figure/unnamed-chunk-2-10.pdf, id=426, 505.89pt x 686.565pt>
File: figure/unnamed-chunk-2-10.pdf Graphic file (type pdf)

<use figure/unnamed-chunk-2-10.pdf>
Package pdftex.def Info: figure/unnamed-chunk-2-10.pdf used on input line 962.
(pdftex.def)             Requested size: 505.88875pt x 686.57379pt.
 [22 <D:/R projects/Caterpillar/Reports/figure/unnamed-chunk-2-10.pdf>] [23]
<figure/unnamed-chunk-2-11.pdf, id=453, 505.89pt x 686.565pt>
File: figure/unnamed-chunk-2-11.pdf Graphic file (type pdf)

<use figure/unnamed-chunk-2-11.pdf>
Package pdftex.def Info: figure/unnamed-chunk-2-11.pdf used on input line 1040.

(pdftex.def)             Requested size: 505.88875pt x 686.57379pt.
 [24 <D:/R projects/Caterpillar/Reports/figure/unnamed-chunk-2-11.pdf>] [25]
<figure/unnamed-chunk-2-12.pdf, id=481, 505.89pt x 686.565pt>
File: figure/unnamed-chunk-2-12.pdf Graphic file (type pdf)

<use figure/unnamed-chunk-2-12.pdf>
Package pdftex.def Info: figure/unnamed-chunk-2-12.pdf used on input line 1117.

(pdftex.def)             Requested size: 505.88875pt x 686.57379pt.
 [26 <D:/R projects/Caterpillar/Reports/figure/unnamed-chunk-2-12.pdf>] [27]
<figure/unnamed-chunk-2-13.pdf, id=508, 505.89pt x 686.565pt>
File: figure/unnamed-chunk-2-13.pdf Graphic file (type pdf)

<use figure/unnamed-chunk-2-13.pdf>
Package pdftex.def Info: figure/unnamed-chunk-2-13.pdf used on input line 1187.

(pdftex.def)             Requested size: 505.88875pt x 686.57379pt.
 [28 <D:/R projects/Caterpillar/Reports/figure/unnamed-chunk-2-13.pdf>] [29]
<figure/unnamed-chunk-2-14.pdf, id=537, 505.89pt x 686.565pt>
File: figure/unnamed-chunk-2-14.pdf Graphic file (type pdf)

<use figure/unnamed-chunk-2-14.pdf>
Package pdftex.def Info: figure/unnamed-chunk-2-14.pdf used on input line 1305.

(pdftex.def)             Requested size: 505.88875pt x 686.57379pt.
 [30 <D:/R projects/Caterpillar/Reports/figure/unnamed-chunk-2-14.pdf>] [31]
<figure/unnamed-chunk-2-15.pdf, id=567, 505.89pt x 686.565pt>
File: figure/unnamed-chunk-2-15.pdf Graphic file (type pdf)

<use figure/unnamed-chunk-2-15.pdf>
Package pdftex.def Info: figure/unnamed-chunk-2-15.pdf used on input line 1417.

(pdftex.def)             Requested size: 505.88875pt x 686.57379pt.
 [32 <D:/R projects/Caterpillar/Reports/figure/unnamed-chunk-2-15.pdf>] [33]
<figure/unnamed-chunk-2-16.pdf, id=594, 505.89pt x 686.565pt>
File: figure/unnamed-chunk-2-16.pdf Graphic file (type pdf)

<use figure/unnamed-chunk-2-16.pdf>
Package pdftex.def Info: figure/unnamed-chunk-2-16.pdf used on input line 1504.

(pdftex.def)             Requested size: 505.88875pt x 686.57379pt.
 [34 <D:/R projects/Caterpillar/Reports/figure/unnamed-chunk-2-16.pdf>] [35]
<figure/unnamed-chunk-2-17.pdf, id=621, 505.89pt x 686.565pt>
File: figure/unnamed-chunk-2-17.pdf Graphic file (type pdf)

<use figure/unnamed-chunk-2-17.pdf>
Package pdftex.def Info: figure/unnamed-chunk-2-17.pdf used on input line 1584.

(pdftex.def)             Requested size: 505.88875pt x 686.57379pt.
 [36 <D:/R projects/Caterpillar/Reports/figure/unnamed-chunk-2-17.pdf>] [37]
<figure/unnamed-chunk-2-18.pdf, id=649, 505.89pt x 686.565pt>
File: figure/unnamed-chunk-2-18.pdf Graphic file (type pdf)

<use figure/unnamed-chunk-2-18.pdf>
Package pdftex.def Info: figure/unnamed-chunk-2-18.pdf used on input line 1659.

(pdftex.def)             Requested size: 505.88875pt x 686.57379pt.
 [38 <D:/R projects/Caterpillar/Reports/figure/unnamed-chunk-2-18.pdf>] [39]
<figure/unnamed-chunk-2-19.pdf, id=676, 505.89pt x 686.565pt>
File: figure/unnamed-chunk-2-19.pdf Graphic file (type pdf)

<use figure/unnamed-chunk-2-19.pdf>
Package pdftex.def Info: figure/unnamed-chunk-2-19.pdf used on input line 1728.

(pdftex.def)             Requested size: 505.88875pt x 686.57379pt.
 [40 <D:/R projects/Caterpillar/Reports/figure/unnamed-chunk-2-19.pdf>] [41]
<figure/unnamed-chunk-2-20.pdf, id=705, 505.89pt x 686.565pt>
File: figure/unnamed-chunk-2-20.pdf Graphic file (type pdf)

<use figure/unnamed-chunk-2-20.pdf>
Package pdftex.def Info: figure/unnamed-chunk-2-20.pdf used on input line 1846.

(pdftex.def)             Requested size: 505.88875pt x 686.57379pt.
 [42 <D:/R projects/Caterpillar/Reports/figure/unnamed-chunk-2-20.pdf>] [43]
<figure/unnamed-chunk-2-21.pdf, id=735, 505.89pt x 686.565pt>
File: figure/unnamed-chunk-2-21.pdf Graphic file (type pdf)

<use figure/unnamed-chunk-2-21.pdf>
Package pdftex.def Info: figure/unnamed-chunk-2-21.pdf used on input line 1961.

(pdftex.def)             Requested size: 505.88875pt x 686.57379pt.
 [44 <D:/R projects/Caterpillar/Reports/figure/unnamed-chunk-2-21.pdf>] [45]
<figure/unnamed-chunk-2-22.pdf, id=762, 505.89pt x 686.565pt>
File: figure/unnamed-chunk-2-22.pdf Graphic file (type pdf)

<use figure/unnamed-chunk-2-22.pdf>
Package pdftex.def Info: figure/unnamed-chunk-2-22.pdf used on input line 2046.

(pdftex.def)             Requested size: 505.88875pt x 686.57379pt.
 [46 <D:/R projects/Caterpillar/Reports/figure/unnamed-chunk-2-22.pdf>] [47]
<figure/unnamed-chunk-2-23.pdf, id=789, 505.89pt x 686.565pt>
File: figure/unnamed-chunk-2-23.pdf Graphic file (type pdf)

<use figure/unnamed-chunk-2-23.pdf>
Package pdftex.def Info: figure/unnamed-chunk-2-23.pdf used on input line 2126.

(pdftex.def)             Requested size: 505.88875pt x 686.57379pt.
 [48 <D:/R projects/Caterpillar/Reports/figure/unnamed-chunk-2-23.pdf>] [49]
<figure/unnamed-chunk-2-24.pdf, id=817, 505.89pt x 686.565pt>
File: figure/unnamed-chunk-2-24.pdf Graphic file (type pdf)

<use figure/unnamed-chunk-2-24.pdf>
Package pdftex.def Info: figure/unnamed-chunk-2-24.pdf used on input line 2203.

(pdftex.def)             Requested size: 505.88875pt x 686.57379pt.
 [50 <D:/R projects/Caterpillar/Reports/figure/unnamed-chunk-2-24.pdf>] [51]
Package atveryend Info: Empty hook `BeforeClearDocument' on input line 2275.
Package atveryend Info: Empty hook `AfterLastShipout' on input line 2275.

("D:\R projects\Caterpillar\Reports\001_report_plots.aux")
Package atveryend Info: Executing hook `AtVeryEndDocument' on input line 2275.
Package atveryend Info: Executing hook `AtEndAfterFileList' on input line 2275.

Package rerunfilecheck Info: File `001_report_plots.out' has not changed.
(rerunfilecheck)             Checksum: E6271E40768D513090308EE495660573;1914.
Package atveryend Info: Empty hook `AtVeryVeryEnd' on input line 2275.
 ) 
Here is how much of TeX's memory you used:
 16557 strings out of 493921
 308219 string characters out of 3147286
 375576 words of memory out of 3000000
 19290 multiletter control sequences out of 15000+200000
 8262 words of font info for 20 fonts, out of 3000000 for 9000
 841 hyphenation exceptions out of 8191
 55i,8n,54p,419b,367s stack positions out of 5000i,500n,10000p,200000b,50000s
 <C:\Users\User\AppData\Local\MiKTeX\2.9\fonts\pk\ljfour\jknappen\ec\dpi600\e
cbx1200.pk> <C:\Users\User\AppData\Local\MiKTeX\2.9\fonts\pk\ljfour\jknappen\ec
\dpi600\ecrm1000.pk> <C:\Users\User\AppData\Local\MiKTeX\2.9\fonts\pk\ljfour\jk
nappen\ec\dpi600\ecbx1000.pk> <C:\Users\User\AppData\Local\MiKTeX\2.9\fonts\pk\
ljfour\jknappen\ec\dpi600\ecbx1440.pk><C:/Program Files/MiKTeX 2.9/fonts/type1/
public/amsfonts/cm/cmmi10.pfb><C:/Program Files/MiKTeX 2.9/fonts/type1/public/a
msfonts/cm/cmr10.pfb><C:/Program Files/MiKTeX 2.9/fonts/type1/public/amsfonts/c
m/cmr7.pfb>
Output written on 001_report_plots.pdf (51 pages, 523995 bytes).
PDF statistics:
 1100 PDF objects out of 1200 (max. 8388607)
 266 named destinations out of 1000 (max. 500000)
 365 words of extra memory for PDF output out of 10000 (max. 10000000)
=======
{C:/Users/atef.ouni.INSLOCAL/AppData/Local/MiKTeX/2.9/pdftex/config/pdftex.map}
] [2]
<figure/unnamed-chunk-2-1.pdf, id=60, 505.89pt x 686.565pt>
File: figure/unnamed-chunk-2-1.pdf Graphic file (type pdf)

<use figure/unnamed-chunk-2-1.pdf>
Package pdftex.def Info: figure/unnamed-chunk-2-1.pdf used on input line 118.
(pdftex.def)             Requested size: 505.88875pt x 686.57379pt.
 [3]
Overfull \vbox (9.69312pt too high) has occurred while \output is active []


[4 <D:/Caterpillar/Reports/figure/unnamed-chunk-2-1.pdf>] [5]

Package xcolor Warning: Incompatible color definition on input line 127.

LaTeX Font Info:    Try loading font information for T1+cmtt on input line 129.

("C:\Program Files\MiKTeX 2.9\tex\latex\base\t1cmtt.fd"
File: t1cmtt.fd 1999/05/25 v2.5h Standard LaTeX font definitions
)
LaTeX Font Info:    Font shape `T1/cmtt/bx/n' in size <10> not available
(Font)              Font shape `T1/cmtt/m/n' tried instead on input line 129.


Package xcolor Warning: Incompatible color definition on input line 129.


Package xcolor Warning: Incompatible color definition on input line 129.


Package xcolor Warning: Incompatible color definition on input line 129.

<figure/unnamed-chunk-2-2.pdf, id=86, 505.89pt x 686.565pt>
File: figure/unnamed-chunk-2-2.pdf Graphic file (type pdf)

<use figure/unnamed-chunk-2-2.pdf>
Package pdftex.def Info: figure/unnamed-chunk-2-2.pdf used on input line 130.
(pdftex.def)             Requested size: 505.88875pt x 686.57379pt.
Package atveryend Info: Empty hook `BeforeClearDocument' on input line 135.
 [6] [7 <D:/Caterpillar/Reports/figure/unnamed-chunk-2-2.pdf>]
Package atveryend Info: Empty hook `AfterLastShipout' on input line 135.
 (D:\Caterpillar\Reports\001_report_plots.aux)
Package atveryend Info: Executing hook `AtVeryEndDocument' on input line 135.
Package atveryend Info: Executing hook `AtEndAfterFileList' on input line 135.
Package rerunfilecheck Info: File `001_report_plots.out' has not changed.
(rerunfilecheck)             Checksum: 2136DFCE7C058D81677585A4085D9E58;558.
 ) 
Here is how much of TeX's memory you used:
 14540 strings out of 494045
 261895 string characters out of 3148347
 320507 words of memory out of 3000000
 17553 multiletter control sequences out of 15000+200000
 8575 words of font info for 21 fonts, out of 3000000 for 9000
 715 hyphenation exceptions out of 8191
 56i,5n,55p,428b,363s stack positions out of 5000i,500n,10000p,200000b,50000s
 <C:\Users\atef.ouni.INSLOCAL\AppData\Local\MiKTeX\2.9\fonts\pk\ljfour\jknapp
en\ec\dpi600\ectt1000.pk> <C:\Users\atef.ouni.INSLOCAL\AppData\Local\MiKTeX\2.9
\fonts\pk\ljfour\jknappen\ec\dpi600\ecbx1200.pk> <C:\Users\atef.ouni.INSLOCAL\A
ppData\Local\MiKTeX\2.9\fonts\pk\ljfour\jknappen\ec\dpi600\ecrm1000.pk> <C:\Use
rs\atef.ouni.INSLOCAL\AppData\Local\MiKTeX\2.9\fonts\pk\ljfour\jknappen\ec\dpi6
00\ecbx1000.pk> <C:\Users\atef.ouni.INSLOCAL\AppData\Local\MiKTeX\2.9\fonts\pk\
ljfour\jknappen\ec\dpi600\ecbx1440.pk>
Output written on 001_report_plots.pdf (7 pages, 90944 bytes).
PDF statistics:
 319 PDF objects out of 1000 (max. 8388607)
 20 named destinations out of 1000 (max. 500000)
 87 words of extra memory for PDF output out of 10000 (max. 10000000)
>>>>>>> 0045005e91abe88da3f37b2f7f9b64c2f363c0d0

